EPD Stratiplots
Sat Apr 20 19:05:27 2019
Doing 1508 of 2570 - GAI1 
Doing 1509 of 2570 - UDOLI 
Doing 1510 of 2570 - KR5A 
Doing 1511 of 2570 - KR5C 
Doing 1512 of 2570 - BRENTENL 
Doing 1513 of 2570 - BROUMOVS 
Doing 1514 of 2570 - BREZOVA 
Doing 1515 of 2570 - BROUMOV2 
Doing 1516 of 2570 - KR1A 
Doing 1517 of 2570 - CV23A 
Doing 1518 of 2570 - HERMANKO 
Doing 1519 of 2570 - CV3A 
Doing 1520 of 2570 - TEPLICE 
Doing 1521 of 2570 - ROCKLIN2 
Doing 1522 of 2570 - STOVANHS 
Doing 1523 of 2570 - KR2A 
Doing 1524 of 2570 - KR2B 
Doing 1525 of 2570 - KR2C 
Doing 1526 of 2570 - PS4A 
Doing 1527 of 2570 - SA5A 
Doing 1528 of 2570 - SA8A 
Doing 1529 of 2570 - CV4A 
Doing 1530 of 2570 - HRABANOS 
Doing 1531 of 2570 - HYNCICE 
Doing 1532 of 2570 - MB2A 
Doing 1533 of 2570 - MB3A 
Doing 1534 of 2570 - SA12A 
Doing 1535 of 2570 - KRINICE 
Doing 1536 of 2570 - OH1A 
Doing 1537 of 2570 - OH2A 
Doing 1538 of 2570 - SA21A 
Doing 1539 of 2570 - MARTINKO 
Doing 1540 of 2570 - PS6A 
Doing 1541 of 2570 - PS3A 
Doing 1542 of 2570 - PS7A 
Doing 1543 of 2570 - SA11A 
Doing 1544 of 2570 - CV6A 
Doing 1545 of 2570 - SA19A 
Doing 1546 of 2570 - CV8A 
Doing 1547 of 2570 - TEPLUDOL 
Doing 1548 of 2570 - BK3A 
Doing 1549 of 2570 - KANCELAR 
Doing 1550 of 2570 - KRAVIHOR 
Doing 1551 of 2570 - SA16C 
Doing 1552 of 2570 - VLCIROKL 
Doing 1553 of 2570 - ELPAYO 
Doing 1554 of 2570 - PIRULEJO 
Doing 1555 of 2570 - PRAZO 
Doing 1556 of 2570 - LLIGAT 
Doing 1557 of 2570 - CASILLAS 
Doing 1558 of 2570 - CERIPAS 
Doing 1559 of 2570 - PPARDA 
Doing 1560 of 2570 - ADAJA 
Doing 1561 of 2570 - MOLINAES 
Doing 1562 of 2570 - AREO 
Doing 1563 of 2570 - CARRANQU 
Doing 1564 of 2570 - SAUCEDO 
Doing 1565 of 2570 - PANERA 
Doing 1566 of 2570 - CUCU 
Doing 1567 of 2570 - PEPA 
Doing 1568 of 2570 - SERRANIL 
Doing 1569 of 2570 - CANALEJA 
Doing 1570 of 2570 - BAJONDI 
Doing 1571 of 2570 - YESERAS 
Doing 1572 of 2570 - ZAFRIN 
Doing 1573 of 2570 - BOSCESTA 
Missing counts: 1573 
Doing 1574 of 2570 - PERAFITA 
Missing counts: 1574 
Doing 1575 of 2570 - FURAMOOS 
Doing 1576 of 2570 - BM1 
Doing 1577 of 2570 - JAMEREEM 
Doing 1578 of 2570 - HES1 
Doing 1579 of 2570 - HES2 
Doing 1580 of 2570 - CRH 
Doing 1581 of 2570 - MB5A 
Doing 1582 of 2570 - CERVENAL 
Doing 1583 of 2570 - SA9B 
Doing 1584 of 2570 - CHRAST 
Doing 1585 of 2570 - JABLUNKA 
Doing 1586 of 2570 - JELENILO 
Doing 1587 of 2570 - KLICAVA 
Doing 1588 of 2570 - KOMORAN1 
Doing 1589 of 2570 - KOMORAN2 
Doing 1590 of 2570 - KUBRIKOV 
Doing 1591 of 2570 - KULZERMO 
Doing 1592 of 2570 - LABSKYDU 
Doing 1593 of 2570 - MACHOVA 
Doing 1594 of 2570 - MELNICKY 
Doing 1595 of 2570 - NABAHNE 
Doing 1596 of 2570 - DOLSKYM 
Doing 1597 of 2570 - PANCALOU 
Doing 1598 of 2570 - PLESNEJE 
Doing 1599 of 2570 - POHANSKO 
Doing 1600 of 2570 - POPRADSK 
Doing 1601 of 2570 - PRYSKYRI 
Doing 1602 of 2570 - RYBARENS 
Doing 1603 of 2570 - PRAHAPOD 
Doing 1604 of 2570 - RYNHOLEC 
Doing 1605 of 2570 - STARABOL 
Doing 1606 of 2570 - STARABCI 
Doing 1607 of 2570 - STRBSKEA 
Doing 1608 of 2570 - SVARCENB 
Doing 1609 of 2570 - TISICE 
Doing 1610 of 2570 - TLSTAHOR 
Doing 1611 of 2570 - UPSKELBU 
Doing 1612 of 2570 - VERNERO2 
Doing 1613 of 2570 - VLADAR 
Doing 1614 of 2570 - WEIHERLO 
Doing 1615 of 2570 - BORIE 
Doing 1616 of 2570 - WINDBRUC 
Doing 1617 of 2570 - ZAHAJI 
Doing 1618 of 2570 - HALAMKY 
Doing 1619 of 2570 - STONAVA 
Doing 1620 of 2570 - SVARCEN3 
Doing 1621 of 2570 - UHERSKEH 
Doing 1622 of 2570 - KULZEXII 
Doing 1623 of 2570 - BRUSPERK 
Doing 1624 of 2570 - CESKYTES 
Doing 1625 of 2570 - KRUZLOVA 
Doing 1626 of 2570 - STOVANSC 
Doing 1627 of 2570 - CEJCKE27 
Doing 1628 of 2570 - PRAHA 
Doing 1629 of 2570 - PENANEGR 
Doing 1630 of 2570 - BELES 
Doing 1631 of 2570 - PAIKO 
Doing 1632 of 2570 - PERTOYLI 
Doing 1633 of 2570 - PIERIA 
Doing 1634 of 2570 - RHODOPI 
Doing 1635 of 2570 - VORAS 
Doing 1636 of 2570 - LITOCHOR 
Doing 1637 of 2570 - RYCHORY 
Doing 1638 of 2570 - STRIBRNA 
Doing 1639 of 2570 - TRELDKLA 
Doing 1640 of 2570 - SAHAMMER 
Doing 1641 of 2570 - SEAMER87 
Doing 1642 of 2570 - STOWBEDO 
Doing 1643 of 2570 - TMGM2 
Doing 1644 of 2570 - ACHENHAN 
Doing 1645 of 2570 - ASCHENHU 
Doing 1646 of 2570 - AKAZIEWE 
Doing 1647 of 2570 - BARBARIN 
Doing 1648 of 2570 - BLANKE00 
Doing 1649 of 2570 - BLANKEN0 
Doing 1650 of 2570 - SIETHSI1 
Doing 1651 of 2570 - BOLS1TZ1 
Doing 1652 of 2570 - BOLS2TZ2 
Doing 1653 of 2570 - BOLS3TZ1 
Doing 1654 of 2570 - BOLS3TZ2 
Doing 1655 of 2570 - BOLS3TZ5 
Doing 1656 of 2570 - BROCKENK 
Doing 1657 of 2570 - CANSTAHO 
Doing 1658 of 2570 - CANSTAMU 
Doing 1659 of 2570 - BP990406 
Doing 1660 of 2570 - ASIG1 
Doing 1661 of 2570 - ASIG2 
Doing 1662 of 2570 - CRAMONER 
Doing 1663 of 2570 - CON16035 
Doing 1664 of 2570 - CS9810 
Doing 1665 of 2570 - EICHGIMB 
Doing 1666 of 2570 - DO3 
Doing 1667 of 2570 - EURACHP1 
Doing 1668 of 2570 - BROADOWN 
Doing 1669 of 2570 - COMERSLA 
Doing 1670 of 2570 - CUTHILL1 
Doing 1671 of 2570 - CUTHILL2 
Doing 1672 of 2570 - ESGRYN 
Doing 1673 of 2570 - EXBRIDGE 
Doing 1674 of 2570 - GOURTE 
Doing 1675 of 2570 - HANGINGS 
Doing 1676 of 2570 - BOLL11 
Doing 1677 of 2570 - HARESDOW 
Doing 1678 of 2570 - LOBBSBOG 
Doing 1679 of 2570 - LONGBREA 
Doing 1680 of 2570 - MIDNORCO 
Doing 1681 of 2570 - MOLECHAM 
Doing 1682 of 2570 - NORTHTWI 
Doing 1683 of 2570 - STONETOR 
Doing 1684 of 2570 - WINDMILL 
Doing 1685 of 2570 - WINNEYS 
Doing 1686 of 2570 - MD042845 
Doing 1687 of 2570 - MD952042 
Doing 1688 of 2570 - MD992331 
Doing 1689 of 2570 - ELMA 
Doing 1690 of 2570 - ELMB 
Doing 1691 of 2570 - ELMC 
Doing 1692 of 2570 - ELMD 
Doing 1693 of 2570 - ELMK 
Doing 1694 of 2570 - FADEYEVS 
Doing 1695 of 2570 - FIEKERS 
Doing 1696 of 2570 - FLUDERBA 
Doing 1697 of 2570 - FLUDERC 
Doing 1698 of 2570 - FLUDERI 
Doing 1699 of 2570 - FLUDERII 
Doing 1700 of 2570 - SAMERBE2 
Doing 1701 of 2570 - FURAM83 
Doing 1702 of 2570 - FURAMIII 
Doing 1703 of 2570 - GPL0 
Doing 1704 of 2570 - GROBER94 
Doing 1705 of 2570 - HOFSTAP1 
Doing 1706 of 2570 - HOFSTAP2 
Doing 1707 of 2570 - K7P2 
Doing 1708 of 2570 - KR0 
Doing 1709 of 2570 - KOLBER1 
Doing 1710 of 2570 - KOLBER2 
Doing 1711 of 2570 - KOLBER3 
Doing 1712 of 2570 - KOLBER4 
Doing 1713 of 2570 - KOLBER5 
Doing 1714 of 2570 - SEWEN2 
Doing 1715 of 2570 - SEWEN3 
Doing 1716 of 2570 - LAASE1 
Doing 1717 of 2570 - LAASE2 
Doing 1718 of 2570 - KRUMBA2 
Doing 1719 of 2570 - CANAL 
Doing 1720 of 2570 - QUARRY 
Doing 1721 of 2570 - HEUWEG1 
Doing 1722 of 2570 - HEUWEG2 
Doing 1723 of 2570 - KAKITU1 
Doing 1724 of 2570 - KAKITU2 
Doing 1725 of 2570 - KONIGKO0 
Doing 1726 of 2570 - KRUMBA1 
Doing 1727 of 2570 - KRUMBA3 
Doing 1728 of 2570 - KRUMBA5 
Doing 1729 of 2570 - SAMERBE1 
Doing 1730 of 2570 - CHAVANTS 
Doing 1731 of 2570 - KTK1 
Doing 1732 of 2570 - MARS 
Doing 1733 of 2570 - KS03 
Doing 1734 of 2570 - GROBER95 
Doing 1735 of 2570 - LAUSTER 
Doing 1736 of 2570 - MUHLAKER 
Doing 1737 of 2570 - STUTGAUB 
Doing 1738 of 2570 - WINZELN 
Doing 1739 of 2570 - PFEFERBI 
Doing 1740 of 2570 - LAB2-94 
Doing 1741 of 2570 - LAB12-95 
Doing 1742 of 2570 - LAB29564 
Doing 1743 of 2570 - LAB3-95 
Doing 1744 of 2570 - LAB13-95 
Doing 1745 of 2570 - LAB2-95 
Doing 1746 of 2570 - LAO13-94 
Doing 1747 of 2570 - LAO14-94 
Doing 1748 of 2570 - LAO22-95 
Doing 1749 of 2570 - LAO25-95 
Doing 1750 of 2570 - LAO6-95 
Doing 1751 of 2570 - LYADHEJ 
Doing 1752 of 2570 - GS05 
Doing 1753 of 2570 - M1-2 
Doing 1754 of 2570 - MKH-K1 
Doing 1755 of 2570 - MKH-HB2 
Doing 1756 of 2570 - MKH-KB1 
Doing 1757 of 2570 - MKH-KB2 
Doing 1758 of 2570 - MKH-KB3 
Doing 1759 of 2570 - MKH-KB4 
Doing 1760 of 2570 - MKH-KB5 
Doing 1761 of 2570 - MKH-KB6 
Doing 1762 of 2570 - MKH-KB7 
Doing 1763 of 2570 - MKH-KB8 
Doing 1764 of 2570 - MKH-KB9 
Doing 1765 of 2570 - MKH-PO3 
Doing 1766 of 2570 - MKH1-1 
Doing 1767 of 2570 - MKH1-2 
Doing 1768 of 2570 - MKH1-6 
Doing 1769 of 2570 - MKH1-72 
Doing 1770 of 2570 - MKH3 
Doing 1771 of 2570 - MKH4-12 
Doing 1772 of 2570 - MKH4-3 
Doing 1773 of 2570 - MKH4-6 
Doing 1774 of 2570 - MKH6-1 
Doing 1775 of 2570 - MKH6-2 
Doing 1776 of 2570 - MKH6-3 
Doing 1777 of 2570 - MKH99 
Doing 1778 of 2570 - UGINOR1 
Doing 1779 of 2570 - LS1960 
Doing 1780 of 2570 - L1960A 
Doing 1781 of 2570 - LS1961 
Doing 1782 of 2570 - MARCHWAL 
Doing 1783 of 2570 - MAUJAHN1 
Doing 1784 of 2570 - MAUJAHN2 
Doing 1785 of 2570 - MAUJAHN3 
Doing 1786 of 2570 - MAUJAHN4 
Doing 1787 of 2570 - ELGENNYA 
Doing 1788 of 2570 - GEK 
Doing 1789 of 2570 - GYTGYKAI 
Doing 1790 of 2570 - MAMONKLY 
Doing 1791 of 2570 - WO1 
Doing 1792 of 2570 - PODKOVA 
Doing 1793 of 2570 - NIENHOFE 
Doing 1794 of 2570 - EK4 
Doing 1795 of 2570 - NIKOLAY 
Doing 1796 of 2570 - FIGURNOY 
Doing 1797 of 2570 - NMS0 
Doing 1798 of 2570 - OLDCAMP 
Doing 1799 of 2570 - OSTERHOL 
Doing 1800 of 2570 - PALATKA 
Doing 1801 of 2570 - OTOSTRAS 
Doing 1802 of 2570 - PRIYAT 
Doing 1803 of 2570 - ROXHEIME 
Doing 1804 of 2570 - ADYCHA 
Doing 1805 of 2570 - FLAFATTJ 
Doing 1806 of 2570 - ALAZE 
Doing 1807 of 2570 - SAO1HAHN 
Doing 1808 of 2570 - SAO1SHIL 
Doing 1809 of 2570 - SAO4 
Doing 1810 of 2570 - ARAKAM 
Doing 1811 of 2570 - BER1IND 
Doing 1812 of 2570 - BER2IND 
Doing 1813 of 2570 - SIEMEN1 
Doing 1814 of 2570 - SIEMEN2 
Doing 1815 of 2570 - BETENK 
Doing 1816 of 2570 - TELETSKO 
Doing 1817 of 2570 - BLOSSOM 
Doing 1818 of 2570 - WALENSEN 
Doing 1819 of 2570 - BLUD 
Doing 1820 of 2570 - WURZACHE 
Doing 1821 of 2570 - BUGUTAK 
Doing 1822 of 2570 - ZEIFENP1 
Doing 1823 of 2570 - BYLLAT 
Doing 1824 of 2570 - ZEIFENP2 
Doing 1825 of 2570 - CAMPING 
Doing 1826 of 2570 - ZEIFENP3 
Doing 1827 of 2570 - CHANNEL 
Doing 1828 of 2570 - CULAZON 
Doing 1829 of 2570 - CHANY 
Doing 1830 of 2570 - BIB00 
Doing 1831 of 2570 - CHESNOK 
Doing 1832 of 2570 - BUA1 
Doing 1833 of 2570 - CHULYM 
Doing 1834 of 2570 - PEUPLERA 
Doing 1835 of 2570 - CERINTB3 
Doing 1836 of 2570 - DEMYAN 
Doing 1837 of 2570 - MONROUX1 
Doing 1838 of 2570 - DOE 
Doing 1839 of 2570 - MTRO2540 
Doing 1840 of 2570 - DIMA 
Doing 1841 of 2570 - MTROP405 
Doing 1842 of 2570 - DIMA1 
Doing 1843 of 2570 - DIMA2 
Doing 1844 of 2570 - DIMA3 
Doing 1845 of 2570 - DIMA4 
Doing 1846 of 2570 - LEBONSEI 
Doing 1847 of 2570 - DUVAN 
Doing 1848 of 2570 - DUVAN1 
Doing 1849 of 2570 - DUVAN2 
Doing 1850 of 2570 - MLBOURNE 
Doing 1851 of 2570 - ELG107 
Doing 1852 of 2570 - ENM109 
Doing 1853 of 2570 - ENM126 
Doing 1854 of 2570 - ENMYN 
Doing 1855 of 2570 - MALPAS1 
Doing 1856 of 2570 - ENTARNOY 
Doing 1857 of 2570 - GLADKOYE 
Doing 1858 of 2570 - GLUKHOYE 
Doing 1859 of 2570 - GLUPEAT 
Doing 1860 of 2570 - GOLUBOY 
Doing 1861 of 2570 - MALPAS2 
Doing 1862 of 2570 - IGARKA 
Doing 1863 of 2570 - JACKW 
Doing 1864 of 2570 - KALIST 
Doing 1865 of 2570 - KARGA 
Doing 1866 of 2570 - KARGOPOL 
Doing 1867 of 2570 - KAYAKSK 
Doing 1868 of 2570 - CENSEAU 
Doing 1869 of 2570 - KHALER 
Doing 1870 of 2570 - KHOMUR 
Doing 1871 of 2570 - KOLYMA 
Doing 1872 of 2570 - KOMARIT 
Doing 1873 of 2570 - KONERG 
Doing 1874 of 2570 - KRASIV 
Doing 1875 of 2570 - KRASIV1 
Doing 1876 of 2570 - KRASIV2 
Doing 1877 of 2570 - KREST 
Doing 1878 of 2570 - NARBIEF 
Doing 1879 of 2570 - KUBAGA 
Doing 1880 of 2570 - KUR1 
Doing 1881 of 2570 - KURPEAT 
Doing 1882 of 2570 - KURLAKE 
Doing 1883 of 2570 - KUROP4 
Doing 1884 of 2570 - KUROP7 
Doing 1885 of 2570 - KUR10730 
Doing 1886 of 2570 - KURO12 
Doing 1887 of 2570 - KUR2 
Doing 1888 of 2570 - MALTAN 
Doing 1889 of 2570 - KURO11 
Doing 1890 of 2570 - CCMSUD 
Doing 1891 of 2570 - LAKEEV 
Doing 1892 of 2570 - LEDOBOZ 
Doing 1893 of 2570 - LUKA 
Doing 1894 of 2570 - CHALIN20 
Doing 1895 of 2570 - GROZONS8 
Doing 1896 of 2570 - LESNANS 
Doing 1897 of 2570 - MOUPLEUR 
Doing 1898 of 2570 - MAMENM 
Doing 1899 of 2570 - MANYUI 
Doing 1900 of 2570 - NEIZ 
Doing 1901 of 2570 - NIZVAR 
Doing 1902 of 2570 - NEUBLANS 
Doing 1903 of 2570 - BOVOISIN 
Doing 1904 of 2570 - ABBAYE 
Doing 1905 of 2570 - BREVIAI2 
Doing 1906 of 2570 - LESAYMES 
Doing 1907 of 2570 - LBIII 
Doing 1908 of 2570 - LB3CMMS 
Doing 1909 of 2570 - PENZHIN 
Doing 1910 of 2570 - PEPELNOY 
Doing 1911 of 2570 - ROCKISLA 
Doing 1912 of 2570 - SOSEDNEE 
Doing 1913 of 2570 - STAD 
Doing 1914 of 2570 - STAD2 
Doing 1915 of 2570 - SUMINSK 
Doing 1916 of 2570 - STAD1 
Doing 1917 of 2570 - SMOR 
Doing 1918 of 2570 - TANON 
Doing 1919 of 2570 - TOLMACH 
Doing 1920 of 2570 - TOM1 
Doing 1921 of 2570 - TS 
Doing 1922 of 2570 - ULAKHAN 
Doing 1923 of 2570 - VECHER 
Doing 1924 of 2570 - VESELOYE 
Doing 1925 of 2570 - WR12 
Doing 1926 of 2570 - ZAGVOZ 
Doing 1927 of 2570 - AUL00 
Doing 1928 of 2570 - HOF01 
Doing 1929 of 2570 - HOF02 
Doing 1930 of 2570 - ILL01 
Doing 1931 of 2570 - KAI2 
Doing 1932 of 2570 - KAIXA 
Doing 1933 of 2570 - KAIXB 
Doing 1934 of 2570 - LU1 
Doing 1935 of 2570 - MOOR 
Doing 1936 of 2570 - MU01 
Doing 1937 of 2570 - MU1 
Doing 1938 of 2570 - NI0 
Doing 1939 of 2570 - PLU01 
Doing 1940 of 2570 - TR0 
Doing 1941 of 2570 - WE 
Doing 1942 of 2570 - AULENROH 
Doing 1943 of 2570 - HAE007 
Doing 1944 of 2570 - HAE008 
Doing 1945 of 2570 - HAE10 
Doing 1946 of 2570 - HAE3 
Doing 1947 of 2570 - HAE7 
Doing 1948 of 2570 - LAUT105 
Doing 1949 of 2570 - DUINGT1 
Doing 1950 of 2570 - STJORIOZ 
Doing 1951 of 2570 - A400 
Doing 1952 of 2570 - A41 
Doing 1953 of 2570 - CHA3VI1 
Doing 1954 of 2570 - CHA3VI13 
Doing 1955 of 2570 - CHA3VI25 
Doing 1956 of 2570 - CHA3VI37 
Doing 1957 of 2570 - CHAL349 
Doing 1958 of 2570 - BART 
Doing 1959 of 2570 - CHENSC21 
Doing 1960 of 2570 - CHENSC22 
Doing 1961 of 2570 - CHENSC23 
Doing 1962 of 2570 - COULON 
Doing 1963 of 2570 - MOUTH2PB 
Doing 1964 of 2570 - TAVAFA31 
Doing 1965 of 2570 - TAVAUC1 
Doing 1966 of 2570 - TAVAUC2 
Doing 1967 of 2570 - LAUT205 
Doing 1968 of 2570 - CDCA11-2 
Doing 1969 of 2570 - CREUX 
Doing 1970 of 2570 - LAUT105T 
Doing 1971 of 2570 - MOLESME 
Doing 1972 of 2570 - MONTILI1 
Doing 1973 of 2570 - MONTILI2 
Mismatch of samples: 1973 
Doing 1974 of 2570 - MONTIES 
Doing 1975 of 2570 - MONTIESS 
Doing 1976 of 2570 - CHAVANNE 
Mismatch of samples: 1976 
Doing 1977 of 2570 - GCHAUMET 
Doing 1978 of 2570 - REMORAI2 
Doing 1979 of 2570 - DOSLCRAS 
Doing 1980 of 2570 - EMBREUX 
Doing 1981 of 2570 - EBOUQUIN 
Doing 1982 of 2570 - MONTBE 
Doing 1983 of 2570 - PLAMBERT 
Doing 1984 of 2570 - POIL 
Doing 1985 of 2570 - VERNAY 
Doing 1986 of 2570 - VERNYBRU 
Doing 1987 of 2570 - HANAU 
Doing 1988 of 2570 - STQUIRIN 
Doing 1989 of 2570 - HELLANGE 
Doing 1990 of 2570 - MERSCH 
Doing 1991 of 2570 - NAY 
Doing 1992 of 2570 - MAZEROL 
Doing 1993 of 2570 - POUPINIE 
Doing 1994 of 2570 - LISLE 
Doing 1995 of 2570 - DISTRE 
Doing 1996 of 2570 - ANCENIS 
Doing 1997 of 2570 - CHAMPTOC 
Doing 1998 of 2570 - OUDON 
Doing 1999 of 2570 - CORDEMAI 
Doing 2000 of 2570 - REZE 
Doing 2001 of 2570 - SEIL 
Doing 2002 of 2570 - SEILFOND 
Doing 2003 of 2570 - MERON 
Doing 2004 of 2570 - CHANJON3 
Doing 2005 of 2570 - CHANJON4 
Doing 2006 of 2570 - CARKEFOS 
Doing 2007 of 2570 - CARKEFOU 
Doing 2008 of 2570 - CARKTRAN 
Doing 2009 of 2570 - GESVRES 
Doing 2010 of 2570 - SALONNES 
Doing 2011 of 2570 - CHAGAZON 
Doing 2012 of 2570 - MONTARNU 
Doing 2013 of 2570 - NATALOUP 
Doing 2014 of 2570 - SCEYONNE 
Doing 2015 of 2570 - MAUREPAS 
Doing 2016 of 2570 - RIMARDE 
Doing 2017 of 2570 - NAUDIERE 
Doing 2018 of 2570 - TORSE 
Doing 2019 of 2570 - ROCHER 
Doing 2020 of 2570 - BOURBES 
Doing 2021 of 2570 - ECOURS 
Doing 2022 of 2570 - JAUNAY 
Doing 2023 of 2570 - SAUVETER 
Doing 2024 of 2570 - VERTONNE 
Doing 2025 of 2570 - ARZON 
Doing 2026 of 2570 - ERDEVEN 
Doing 2027 of 2570 - SUSCINIO 
Doing 2028 of 2570 - MINDGES5 
Doing 2029 of 2570 - M725GC1 
Doing 2030 of 2570 - GRANGE1 
Doing 2031 of 2570 - GRANGE2 
Doing 2032 of 2570 - GRANGE3 
Doing 2033 of 2570 - IFRIOUD 
Doing 2034 of 2570 - PATATERO 
Doing 2035 of 2570 - DOEL06 
Doing 2036 of 2570 - BAZELB 
Doing 2037 of 2570 - BAZELA 
Doing 2038 of 2570 - DETHLING 
Doing 2039 of 2570 - RIESEBER 
Doing 2040 of 2570 - SCHWANEN 
Doing 2041 of 2570 - 11CH17A 
Doing 2042 of 2570 - AV14K21 
Doing 2043 of 2570 - AV14K22 
Doing 2044 of 2570 - AV14K23 
Doing 2045 of 2570 - AV14K24 
Doing 2046 of 2570 - BONDONE 
Doing 2047 of 2570 - BOSCORNE 
Doing 2048 of 2570 - BOSCORSW 
Doing 2049 of 2570 - FERSINA2 
Doing 2050 of 2570 - FIAVE 
Doing 2051 of 2570 - OPLONTIS 
Doing 2052 of 2570 - POMPEII 
Doing 2053 of 2570 - SALTASOP 
Doing 2054 of 2570 - SALTASOT 
Doing 2055 of 2570 - TEGELER 
Doing 2056 of 2570 - GS18 
Doing 2057 of 2570 - MO05 
Doing 2058 of 2570 - M7256191 
Doing 2059 of 2570 - AUZAY 
Doing 2060 of 2570 - AUZAY3 
Doing 2061 of 2570 - AUZAY4 
Doing 2062 of 2570 - CHARRON 
Doing 2063 of 2570 - MASTINE 
Doing 2064 of 2570 - PIEDLIZE 
Doing 2065 of 2570 - NACHTIGA 
Mismatch of samples: 2065 
Doing 2066 of 2570 - BOURGS61 
Doing 2067 of 2570 - BOURGS62 
Doing 2068 of 2570 - BOURGUS2 
Doing 2069 of 2570 - CASPS471 
Doing 2070 of 2570 - CASPS472 
Doing 2071 of 2570 - LELANE 
Doing 2072 of 2570 - PREAPS37 
Doing 2073 of 2570 - KERDUAL 
Doing 2074 of 2570 - KEROGAN 
Doing 2075 of 2570 - STANGZU2 
Doing 2076 of 2570 - ROCENPAI 
Doing 2077 of 2570 - BALLEE 
Doing 2078 of 2570 - THEVALLE 
Doing 2079 of 2570 - FIL6 
Doing 2080 of 2570 - PETIMAR3 
Doing 2081 of 2570 - DISIGNAC 
Doing 2082 of 2570 - DONGES 
Doing 2083 of 2570 - B3 
Doing 2084 of 2570 - B4 
Doing 2085 of 2570 - B5 
Doing 2086 of 2570 - B92 
Doing 2087 of 2570 - EPINETTE 
Doing 2088 of 2570 - BJE12 
Doing 2089 of 2570 - S13CHOI 
Doing 2090 of 2570 - S1CHOI 
Doing 2091 of 2570 - S8CHOI 
Doing 2092 of 2570 - RIA3P 
Doing 2093 of 2570 - CHA11 
Doing 2094 of 2570 - BOUCHER1 
Doing 2095 of 2570 - CROIX 
Doing 2096 of 2570 - LANVIHAN 
Doing 2097 of 2570 - CAVAMONT 
Doing 2098 of 2570 - LANGEAI1 
Doing 2099 of 2570 - LANGEAI2 
Doing 2100 of 2570 - PARCAY1 
Doing 2101 of 2570 - PARCAY2 
Doing 2102 of 2570 - PEZOU2 
Doing 2103 of 2570 - PEZOU 
Doing 2104 of 2570 - STBEN1 
Doing 2105 of 2570 - STBEN3 
Doing 2106 of 2570 - CORPAIL 
Doing 2107 of 2570 - BAFORIER 
Doing 2108 of 2570 - VERDEHAU 
Doing 2109 of 2570 - VERDEMOY 
Doing 2110 of 2570 - VERDEBAS 
Doing 2111 of 2570 - LEVARE 
Doing 2112 of 2570 - MALINGUE 
Doing 2113 of 2570 - AYDAT 
Missing counts: 2113 
Doing 2114 of 2570 - BLIZON 
Doing 2115 of 2570 - CHERINE 
Mismatch of samples: 2115 
Doing 2116 of 2570 - GDMEZ 
Doing 2117 of 2570 - MICHEL 
Doing 2118 of 2570 - LANGEAIS 
Doing 2119 of 2570 - PARIGNE1 
Doing 2120 of 2570 - PARIGNE2 
Doing 2121 of 2570 - TANNIERE 
Doing 2122 of 2570 - CHALERIE 
Doing 2123 of 2570 - STLINAIR 
Doing 2124 of 2570 - MTJ-MANU 
Doing 2125 of 2570 - MTJ-CAR 
Doing 2126 of 2570 - GAUTRAIE 
Doing 2127 of 2570 - CDR 
Missing counts: 2127 
Doing 2128 of 2570 - 3-OEUFS 
Doing 2129 of 2570 - HOTEL 
Doing 2130 of 2570 - SULLY 
Doing 2131 of 2570 - TANNEURS 
Doing 2132 of 2570 - MJT-PONT 
Doing 2133 of 2570 - MONTJEAN 
Doing 2134 of 2570 - BRENILIS 
Doing 2135 of 2570 - BRENILI4 
Doing 2136 of 2570 - VENEC-3A 
Doing 2137 of 2570 - VENEC-Z 
Doing 2138 of 2570 - VENEC 
Doing 2139 of 2570 - VENEC4 
Doing 2140 of 2570 - GUERIVI 
Doing 2141 of 2570 - GUERSAC 
Doing 2142 of 2570 - ERRANDII 
Doing 2143 of 2570 - PARISLP3 
Doing 2144 of 2570 - BLACKLOU 
Doing 2145 of 2570 - BRAKLOOL 
Doing 2146 of 2570 - BRAKLOOW 
Doing 2147 of 2570 - BORHEENL 
Doing 2148 of 2570 - CAMILLA1 
Doing 2149 of 2570 - LADIESVI 
Doing 2150 of 2570 - LOUGHDOO 
Doing 2151 of 2570 - REENADIN 
Doing 2152 of 2570 - ROUGHISL 
Doing 2153 of 2570 - BIALOWI2 
Doing 2154 of 2570 - URAGHWOO 
Doing 2155 of 2570 - CORNAHER 
Doing 2156 of 2570 - LOUGHMOY 
Doing 2157 of 2570 - TRIFOGLI 
Doing 2158 of 2570 - COIZARD1 
Doing 2159 of 2570 - FRECHENC 
Doing 2160 of 2570 - SILLY 
Doing 2161 of 2570 - JOLAN1 
Mismatch of samples: 2161 
Doing 2162 of 2570 - LASTIOUL 
Doing 2163 of 2570 - MITJANA 
Missing counts: 2163 
Doing 2164 of 2570 - BRVE 
Doing 2165 of 2570 - BLATISTO 
Doing 2166 of 2570 - KUPENA3 
Doing 2167 of 2570 - GYOLA 
Doing 2168 of 2570 - PESTEANA 
Doing 2169 of 2570 - VALDEYER 
Doing 2170 of 2570 - NMOR1967 
Doing 2171 of 2570 - SAGNOLS 
Doing 2172 of 2570 - LECROS 
Doing 2173 of 2570 - NEYRAC 
Doing 2174 of 2570 - BAISSESC 
Doing 2175 of 2570 - FONTSALE 
Doing 2176 of 2570 - PLANESI1 
Doing 2177 of 2570 - PLANESI2 
Doing 2178 of 2570 - SALVERGU 
Doing 2179 of 2570 - SOMAIL 
Doing 2180 of 2570 - FINIELS 
Doing 2181 of 2570 - SOURCETA 
Doing 2182 of 2570 - CAMARGUE 
Doing 2183 of 2570 - LOZERET1 
Doing 2184 of 2570 - LOZERET2 
Doing 2185 of 2570 - LAUBIES1 
Doing 2186 of 2570 - LAUBIES2 
Doing 2187 of 2570 - SAILLAN1 
Doing 2188 of 2570 - SAILLAN2 
Doing 2189 of 2570 - BOR 
Doing 2190 of 2570 - CHAZELOU 
Doing 2191 of 2570 - LASCOLS 
Doing 2192 of 2570 - CHANALE1 
Doing 2193 of 2570 - CHANALE2 
Doing 2194 of 2570 - CHANALE3 
Doing 2195 of 2570 - PONTAJOU 
Doing 2196 of 2570 - CHAUVET2 
Doing 2197 of 2570 - GODIVL78 
Doing 2198 of 2570 - CHEYLAN2 
Doing 2199 of 2570 - GGC18BSE 
Doing 2200 of 2570 - VARNA3 
Doing 2201 of 2570 - LEFRAUD 
Doing 2202 of 2570 - GRASPET 
Doing 2203 of 2570 - COUALLEB 
Doing 2204 of 2570 - NOUEBASS 
Doing 2205 of 2570 - SAUVETAT 
Doing 2206 of 2570 - COSTAROS 
Doing 2207 of 2570 - BIQUE1 
Doing 2208 of 2570 - CHAUMETE 
Doing 2209 of 2570 - BRAMELOU 
Doing 2210 of 2570 - BCOMBE1 
Doing 2211 of 2570 - CANTECOU 
Doing 2212 of 2570 - MONTGROS 
Doing 2213 of 2570 - FALTRE 
Doing 2214 of 2570 - BARDOMEN 
Doing 2215 of 2570 - PLAGNES 
Doing 2216 of 2570 - ENFRUS 
Doing 2217 of 2570 - LIMAGNE3 
Doing 2218 of 2570 - LIMAGNE2 
Doing 2219 of 2570 - LIMAGNE1 
Missing counts: 2219 
Doing 2220 of 2570 - LIT1 
Doing 2221 of 2570 - PAILHERO 
Doing 2222 of 2570 - PERIS1 
Doing 2223 of 2570 - PDB1500 
Doing 2224 of 2570 - PDB1615 
Doing 2225 of 2570 - MD992292 
Doing 2226 of 2570 - DAGFINAL 
Doing 2227 of 2570 - GWB 
Doing 2228 of 2570 - VACCAJA1 
Missing counts: 2228 
Doing 2229 of 2570 - VACCAJA2 
Doing 2230 of 2570 - ALLSAINT 
Doing 2231 of 2570 - BALLINDE 
Doing 2232 of 2570 - BALLYDUF 
Doing 2233 of 2570 - BALLYGIS 
Doing 2234 of 2570 - BIALOWI1 
Doing 2235 of 2570 - CAMILLA2 
Doing 2236 of 2570 - CLARABOG 
Doing 2237 of 2570 - CROAGHA2 
Doing 2238 of 2570 - CROAGHA3 
Doing 2239 of 2570 - CROAGHAU 
Doing 2240 of 2570 - CROAGHST 
Doing 2241 of 2570 - GLAISINA 
Doing 2242 of 2570 - GLENDALO 
Doing 2243 of 2570 - KELLYSLO 
Doing 2244 of 2570 - KILCURLE 
Doing 2245 of 2570 - DIHEEN 
Doing 2246 of 2570 - LAGMESAG 
Doing 2247 of 2570 - LAGNEGRA 
Doing 2248 of 2570 - LIFFEYHE 
Doing 2249 of 2570 - LOUGHAIS 
Doing 2250 of 2570 - LOUGHANA 
Doing 2251 of 2570 - LOUGHCAM 
Doing 2252 of 2570 - LOUGHCLE 
Doing 2253 of 2570 - LOUGHCOR 
Doing 2254 of 2570 - LOUGHINC 
Doing 2255 of 2570 - MONGANBO 
Doing 2256 of 2570 - PEDRIDO 
Doing 2257 of 2570 - SHEHEREE 
Doing 2258 of 2570 - CALDANE 
Doing 2259 of 2570 - CAVALL2 
Missing counts: 2259 
Doing 2260 of 2570 - CAVALLAR 
Doing 2261 of 2570 - CRENO2 
Missing counts: 2261 
Doing 2262 of 2570 - OVACE 
Doing 2263 of 2570 - FOSES4 
Doing 2264 of 2570 - CUCKOO 
Doing 2265 of 2570 - EFSTADAL 
Doing 2266 of 2570 - MALIQS1 
Mismatch of samples: 2266 
Doing 2267 of 2570 - AMRN 
Doing 2268 of 2570 - AMRS 
Doing 2269 of 2570 - RAD 
Doing 2270 of 2570 - WTP 
Doing 2271 of 2570 - TFT 
Doing 2272 of 2570 - AHLBECKE 
Doing 2273 of 2570 - ELDENA14 
Doing 2274 of 2570 - ENDIEB25 
Doing 2275 of 2570 - ENDIN148 
Doing 2276 of 2570 - ENDINBIR 
Doing 2277 of 2570 - ENDINGE2 
Doing 2278 of 2570 - ENDINGS1 
Doing 2279 of 2570 - ENDINGS4 
Doing 2280 of 2570 - GALENBEC 
Doing 2281 of 2570 - HEINRICH 
Doing 2282 of 2570 - HORST22 
Doing 2283 of 2570 - HUTTENDA 
Doing 2284 of 2570 - ISPANI2 
Doing 2285 of 2570 - LEERDAM1 
Doing 2286 of 2570 - LEERDAM3 
Doing 2287 of 2570 - MOORERBU 
Doing 2288 of 2570 - MOOSBRUC 
Doing 2289 of 2570 - REINBERC 
Doing 2290 of 2570 - VRBKA 
Doing 2291 of 2570 - KUMATA1 
Doing 2292 of 2570 - HUMELLES 
Doing 2293 of 2570 - TIFFAUGE 
Doing 2294 of 2570 - FORCHAN 
Doing 2295 of 2570 - DESCARTE 
Doing 2296 of 2570 - REDON 
Doing 2297 of 2570 - LEMANS 
Doing 2298 of 2570 - JACQUOTS 
Doing 2299 of 2570 - NEGRON 
Doing 2300 of 2570 - CRANESMO 
Doing 2301 of 2570 - BRADFIEL 
Doing 2302 of 2570 - FERRYLAN 
Doing 2303 of 2570 - TANKHILL 
Doing 2304 of 2570 - CHALKNAL 
Doing 2305 of 2570 - CHALKNVE 
Doing 2306 of 2570 - WILLIA17 
Doing 2307 of 2570 - WILLIA25 
Doing 2308 of 2570 - HAYLEYWO 
Doing 2309 of 2570 - MALHAMTA 
Doing 2310 of 2570 - MALHAMTM 
Doing 2311 of 2570 - CP14 
Doing 2312 of 2570 - CP18 
Doing 2313 of 2570 - CP21 
Doing 2314 of 2570 - DS7 
Doing 2315 of 2570 - LL13 
Doing 2316 of 2570 - ZL11 
Doing 2317 of 2570 - KBG801 
Doing 2318 of 2570 - ML9811 
Doing 2319 of 2570 - SA71 
Doing 2320 of 2570 - SAR26 
Doing 2321 of 2570 - XL 
Doing 2322 of 2570 - SELIKHOV 
Doing 2323 of 2570 - IZNIK 
Doing 2324 of 2570 - MAI 
Doing 2325 of 2570 - MFM09AD 
Doing 2326 of 2570 - AYOO 
Doing 2327 of 2570 - BEREZ 
Doing 2328 of 2570 - KLUKVA 
Doing 2329 of 2570 - NOVOALEX 
Doing 2330 of 2570 - BABINSKO 
Doing 2331 of 2570 - LEMBOLOV 
Doing 2332 of 2570 - MSHINSKO 
Doing 2333 of 2570 - NIKOLSK 
Doing 2334 of 2570 - NIZHNEOS 
Doing 2335 of 2570 - VELIKOE 
Doing 2336 of 2570 - VISHNEVS 
Doing 2337 of 2570 - BAIKA2 
Doing 2338 of 2570 - BUTOVKA 
Doing 2339 of 2570 - MDOLGOE 
Doing 2340 of 2570 - PLES 
Doing 2341 of 2570 - LAMSK 
Doing 2342 of 2570 - BEREGOV2 
Doing 2343 of 2570 - VARGA2 
Doing 2344 of 2570 - KHARTYM 
Doing 2345 of 2570 - KHORPIYA 
Doing 2346 of 2570 - RAZREZ6 
Doing 2347 of 2570 - BEAR99T 
Doing 2348 of 2570 - MAKARX 
Doing 2349 of 2570 - PAST3 
Mismatch of samples: 2349 
Doing 2350 of 2570 - UZLOV3X 
Doing 2351 of 2570 - WELSH 
Doing 2352 of 2570 - BALLYARN 
Doing 2353 of 2570 - BALLYNAH 
Doing 2354 of 2570 - BALLYWOO 
Doing 2355 of 2570 - ROSANIN 
Doing 2356 of 2570 - LUMBISTE 
Doing 2357 of 2570 - TSCHEPPA 
Doing 2358 of 2570 - 108MAY90 
Doing 2359 of 2570 - AMBURNEX 
Doing 2360 of 2570 - GIMEL 
Doing 2361 of 2570 - LEMOE 
Doing 2362 of 2570 - SO8923 
Doing 2363 of 2570 - POTERYAN 
Doing 2364 of 2570 - NISIB 
Doing 2365 of 2570 - NISIE 
Doing 2366 of 2570 - GORGOBAS 
Doing 2367 of 2570 - LPBC 
Doing 2368 of 2570 - BLEDA 
Doing 2369 of 2570 - STAROSEL 
Doing 2370 of 2570 - CLARAGHM 
Doing 2371 of 2570 - GARRYBOG 
Doing 2372 of 2570 - GLENWEST 
Doing 2373 of 2570 - MOYREEN 
Doing 2374 of 2570 - OWENDUFF 
Doing 2375 of 2570 - SLUGGANB 
Doing 2376 of 2570 - CLONEARL 
Doing 2377 of 2570 - STIOL1 
Doing 2378 of 2570 - STIOL2 
Doing 2379 of 2570 - STIOL4 
Doing 2380 of 2570 - LALA 
Doing 2381 of 2570 - VUOLEPAL 
Doing 2382 of 2570 - BERVENI 
Doing 2383 of 2570 - BILBOR1 
Doing 2384 of 2570 - BILBOR2 
Doing 2385 of 2570 - OBANULMA 
Doing 2386 of 2570 - CESARIU 
Doing 2387 of 2570 - CICA1 
Doing 2388 of 2570 - CICA1A 
Doing 2389 of 2570 - CICA1B 
Doing 2390 of 2570 - EXPL2CAL 
Doing 2391 of 2570 - POIANA 
Doing 2392 of 2570 - RACHITIS 
Doing 2393 of 2570 - BLEDC 
Doing 2394 of 2570 - PESTERA 
Doing 2395 of 2570 - IAZ 
Doing 2396 of 2570 - KHARINEI 
Doing 2397 of 2570 - YARNYSH3 
Doing 2398 of 2570 - BN1 
Doing 2399 of 2570 - BO3 
Doing 2400 of 2570 - BOC3 
Doing 2401 of 2570 - BOC4 
Doing 2402 of 2570 - BOCNOIR 
Doing 2403 of 2570 - CAPATANA 
Doing 2404 of 2570 - LEZERUL 
Doing 2405 of 2570 - ZANOGUTI 
Doing 2406 of 2570 - AFALOU 
Doing 2407 of 2570 - FIEUX 
Doing 2408 of 2570 - CRAIOVIT 
Doing 2409 of 2570 - SVINTA 
Doing 2410 of 2570 - COLIBI 
Doing 2411 of 2570 - FUCOLIBI 
Doing 2412 of 2570 - TINOVJIN 
Doing 2413 of 2570 - PILUGAN1 
Doing 2414 of 2570 - PILUGAN2 
Doing 2415 of 2570 - PILUGAN3 
Doing 2416 of 2570 - TATARU 
Doing 2417 of 2570 - TAUBAITI 
Doing 2418 of 2570 - TAUSARAT 
Doing 2419 of 2570 - TESNAME 
Doing 2420 of 2570 - TESNA2 
Doing 2421 of 2570 - TESNA3 
Doing 2422 of 2570 - COLACEL1 
Doing 2423 of 2570 - COLACEL2 
Doing 2424 of 2570 - VFBRAZI1 
Doing 2425 of 2570 - TAUOBCIO 
Doing 2426 of 2570 - SALICEA1 
Doing 2427 of 2570 - SALICEA2 
Doing 2428 of 2570 - CIOCANES 
Doing 2429 of 2570 - BISOCALN 
Doing 2430 of 2570 - BISOCLM1 
Doing 2431 of 2570 - BISOCLM2 
Doing 2432 of 2570 - COMANDA1 
Doing 2433 of 2570 - COMANDA2 
Doing 2434 of 2570 - LAPTICI1 
Doing 2435 of 2570 - LAPTICI2 
Doing 2436 of 2570 - MLUHA1 
Doing 2437 of 2570 - MLUHA2 
Doing 2438 of 2570 - BAIAMAR1 
Doing 2439 of 2570 - BAIAMAR2 
Doing 2440 of 2570 - BAIAMAR3 
Doing 2441 of 2570 - STOBOR 
Doing 2442 of 2570 - CHINI 
Doing 2443 of 2570 - BAGAU 
Doing 2444 of 2570 - SIPOTEL1 
Doing 2445 of 2570 - SIPOTEL2 
Doing 2446 of 2570 - SIPOTEL3 
Doing 2447 of 2570 - ADANCAT1 
Doing 2448 of 2570 - ADANCAT2 
Doing 2449 of 2570 - ADANCAT3 
Doing 2450 of 2570 - LUCINA1 
Doing 2451 of 2570 - LUCINA2 
Doing 2452 of 2570 - PEOBCINA 
Doing 2453 of 2570 - RUT1 
Doing 2454 of 2570 - RUT2 
Doing 2455 of 2570 - GHITUMO1 
Doing 2456 of 2570 - GHITUMO2 
Doing 2457 of 2570 - RASCA1 
Doing 2458 of 2570 - RASCA2 
Doing 2459 of 2570 - POBRAZI1 
Doing 2460 of 2570 - POBRAZI2 
Doing 2461 of 2570 - POSTAMPI 
Doing 2462 of 2570 - SARDORN1 
Doing 2463 of 2570 - SARDORN2 
Doing 2464 of 2570 - SARDORN3 
Doing 2465 of 2570 - VSTANI2 
Doing 2466 of 2570 - TAUFFUND 
Doing 2467 of 2570 - ERIU 
Doing 2468 of 2570 - TAUMUCED 
Doing 2469 of 2570 - GURADOBR 
Doing 2470 of 2570 - CARCAVAS 
Doing 2471 of 2570 - HOTENI 
Doing 2472 of 2570 - LEZERUMA 
Doing 2473 of 2570 - VFBRAZI2 
Doing 2474 of 2570 - VLASCHI1 
Doing 2475 of 2570 - VLASCHI2 
Doing 2476 of 2570 - BO4 
Doing 2477 of 2570 - TP2 
Doing 2478 of 2570 - NO2 
Doing 2479 of 2570 - NAVALACA 
Doing 2480 of 2570 - VALDECON 
Doing 2481 of 2570 - ALICE2 
Doing 2482 of 2570 - LGA1 
Doing 2483 of 2570 - ALICE 
Doing 2484 of 2570 - ALICE1 
Doing 2485 of 2570 - ALICE3 
Doing 2486 of 2570 - BIANDRON 
Doing 2487 of 2570 - LPA1 
Doing 2488 of 2570 - VIVERONE 
Doing 2489 of 2570 - GEDI97 
Doing 2490 of 2570 - SIRIO 
Doing 2491 of 2570 - VAN04 
Doing 2492 of 2570 - GRAMOU 
Doing 2493 of 2570 - REZINA 
Doing 2494 of 2570 - KISMOHOS 
Doing 2495 of 2570 - AUSSENDE 
Doing 2496 of 2570 - AUSTERNG 
Doing 2497 of 2570 - DOGERBAN 
Doing 2498 of 2570 - FLOFISCH 
Doing 2499 of 2570 - FLOGHOLZ 
Doing 2500 of 2570 - FUHRENKA 
Doing 2501 of 2570 - GREVENHO 
Doing 2502 of 2570 - HELGOLAN 
Doing 2503 of 2570 - JAGEN20 
Doing 2504 of 2570 - STEERTMO 
Doing 2505 of 2570 - STEINKIS 
Doing 2506 of 2570 - OEBRORUP 
Doing 2507 of 2570 - OEGLINDE 
Doing 2508 of 2570 - OEODERAD 
Doing 2509 of 2570 - OEREL61 
Doing 2510 of 2570 - OERELEEM 
Doing 2511 of 2570 - OSTERWA1 
Doing 2512 of 2570 - OSTERWA2 
Doing 2513 of 2570 - SURHEID2 
Doing 2514 of 2570 - SURHEID5 
Doing 2515 of 2570 - SCHWI1SA 
Doing 2516 of 2570 - SCHWI2SB 
Doing 2517 of 2570 - SCHWIND6 
Doing 2518 of 2570 - SCHWIND7 
Doing 2519 of 2570 - WESTRHA2 
Doing 2520 of 2570 - IMMENMOO 
Doing 2521 of 2570 - RHEIDE29 
Doing 2522 of 2570 - RHEIDE37 
Doing 2523 of 2570 - RHEIDER7 
Doing 2524 of 2570 - SILBERSE 
Doing 2525 of 2570 - WESTRHA1 
Doing 2526 of 2570 - KILOALA 
Doing 2527 of 2570 - KILOAUS 
Doing 2528 of 2570 - KILOBJO 
Doing 2529 of 2570 - KILOGAM 
Doing 2530 of 2570 - KILOLIT 
Doing 2531 of 2570 - KILOMYR 
Doing 2532 of 2570 - KILOVUO 
Doing 2533 of 2570 - LOMONOS 
Doing 2534 of 2570 - OTTAFS 
Doing 2535 of 2570 - OTTHAU 
Doing 2536 of 2570 - OTTKIN 
Doing 2537 of 2570 - OTTMAS 
Doing 2538 of 2570 - OTTMOR 
Doing 2539 of 2570 - OTTRAT 
Doing 2540 of 2570 - OTTSTO 
Doing 2541 of 2570 - OTTSVA 
Doing 2542 of 2570 - OTTTIA 
Doing 2543 of 2570 - SETESD 
Doing 2544 of 2570 - SETESF 
Doing 2545 of 2570 - SETESGH 
Doing 2546 of 2570 - SETESGR 
Doing 2547 of 2570 - SETESH 
Doing 2548 of 2570 - SETESI 
Doing 2549 of 2570 - SETESLK 
Doing 2550 of 2570 - SETESLT 
Doing 2551 of 2570 - SETESOY 
Doing 2552 of 2570 - SETESR 
Doing 2553 of 2570 - PAV 
Doing 2554 of 2570 - TUB 
Doing 2555 of 2570 - MAASV 
Doing 2556 of 2570 - MUST 
Doing 2557 of 2570 - KAHA 
Doing 2558 of 2570 - KON 
Doing 2559 of 2570 - MAR 
Doing 2560 of 2570 - PAR 
Doing 2561 of 2570 - NIIN 
Doing 2562 of 2570 - PLA 
Doing 2563 of 2570 - RUI 
Doing 2564 of 2570 - UMA 
Doing 2565 of 2570 - VALL1 
Doing 2566 of 2570 - VALL3 
Doing 2567 of 2570 - VER 
Doing 2568 of 2570 - VILINA 
Mismatch of samples: 2568 
Doing 2569 of 2570 - VIPI 
Doing 2570 of 2570 - VJUUS 
Finished: Sat Apr 20 19:06:38 2019 
